d:\cs529\engine\engine\myengine\myengine\release\vc120.pdb
d:\cs529\engine\engine\myengine\myengine\release\message.obj
d:\cs529\engine\engine\myengine\myengine\release\mesh.obj
d:\cs529\engine\engine\myengine\myengine\release\material.obj
d:\cs529\engine\engine\myengine\myengine\release\main.obj
d:\cs529\engine\engine\myengine\myengine\release\inputmanager.obj
d:\cs529\engine\engine\myengine\myengine\release\graphicmanager.obj
d:\cs529\engine\engine\myengine\myengine\release\glsprite.obj
d:\cs529\engine\engine\myengine\myengine\release\gameobjectmanager.obj
d:\cs529\engine\engine\myengine\myengine\release\gameobjectfactory.obj
d:\cs529\engine\engine\myengine\myengine\release\gameobject.obj
d:\cs529\engine\engine\myengine\myengine\release\frc.obj
d:\cs529\engine\engine\myengine\myengine\release\enhancement.obj
d:\cs529\engine\engine\myengine\myengine\release\effect.obj
d:\cs529\engine\engine\myengine\myengine\release\controller.obj
d:\cs529\engine\engine\myengine\myengine\release\component.obj
d:\cs529\engine\engine\myengine\myengine\release\collisionmessage.obj
d:\cs529\engine\engine\myengine\myengine\release\collisionmanager.obj
d:\cs529\engine\engine\myengine\myengine\release\chaos.obj
d:\cs529\engine\engine\myengine\myengine\release\camera.obj
d:\cs529\engine\engine\myengine\myengine\release\body.obj
d:\cs529\engine\engine\myengine\myengine\release\uimanager.obj
d:\cs529\engine\engine\myengine\myengine\release\transform.obj
d:\cs529\engine\engine\myengine\myengine\release\texture.obj
d:\cs529\engine\engine\myengine\myengine\release\textmessage.obj
d:\cs529\engine\engine\myengine\myengine\release\textmanager.obj
d:\cs529\engine\engine\myengine\myengine\release\sprite.obj
d:\cs529\engine\engine\myengine\myengine\release\shader.obj
d:\cs529\engine\engine\myengine\myengine\release\resourcemanager.obj
d:\cs529\engine\engine\myengine\myengine\release\projectile.obj
d:\cs529\engine\engine\myengine\myengine\release\playerstate.obj
d:\cs529\engine\engine\myengine\myengine\release\physicsmanager.obj
d:\cs529\engine\engine\myengine\myengine\release\patrol.obj
d:\cs529\engine\engine\myengine\myengine\release\vector2d.obj
d:\cs529\engine\engine\myengine\myengine\release\matrix2d.obj
d:\cs529\engine\engine\myengine\myengine\release\math2d.obj
d:\cs529\engine\engine\myengine\release\myengine.exe
d:\cs529\engine\engine\myengine\release\myengine.pdb
d:\cs529\engine\engine\myengine\myengine\release\myengine.tlog\cl.command.1.tlog
d:\cs529\engine\engine\myengine\myengine\release\myengine.tlog\cl.read.1.tlog
d:\cs529\engine\engine\myengine\myengine\release\myengine.tlog\cl.write.1.tlog
d:\cs529\engine\engine\myengine\myengine\release\myengine.tlog\link.command.1.tlog
d:\cs529\engine\engine\myengine\myengine\release\myengine.tlog\link.read.1.tlog
d:\cs529\engine\engine\myengine\myengine\release\myengine.tlog\link.write.1.tlog
