d:\cs529\engine\engine\myengine\myengine\debug\vc120.pdb
d:\cs529\engine\engine\myengine\myengine\debug\vc120.idb
d:\cs529\engine\engine\myengine\myengine\debug\gameobjectmanager.obj
d:\cs529\engine\engine\myengine\myengine\debug\glsprite.obj
d:\cs529\engine\engine\myengine\myengine\debug\graphicmanager.obj
d:\cs529\engine\engine\myengine\myengine\debug\inputmanager.obj
d:\cs529\engine\engine\myengine\myengine\debug\main.obj
d:\cs529\engine\engine\myengine\myengine\debug\material.obj
d:\cs529\engine\engine\myengine\myengine\debug\mesh.obj
d:\cs529\engine\engine\myengine\myengine\debug\message.obj
d:\cs529\engine\engine\myengine\myengine\debug\patrol.obj
d:\cs529\engine\engine\myengine\myengine\debug\physicsmanager.obj
d:\cs529\engine\engine\myengine\myengine\debug\playerstate.obj
d:\cs529\engine\engine\myengine\myengine\debug\projectile.obj
d:\cs529\engine\engine\myengine\myengine\debug\resourcemanager.obj
d:\cs529\engine\engine\myengine\myengine\debug\shader.obj
d:\cs529\engine\engine\myengine\myengine\debug\sprite.obj
d:\cs529\engine\engine\myengine\myengine\debug\textmanager.obj
d:\cs529\engine\engine\myengine\myengine\debug\textmessage.obj
d:\cs529\engine\engine\myengine\myengine\debug\texture.obj
d:\cs529\engine\engine\myengine\myengine\debug\transform.obj
d:\cs529\engine\engine\myengine\myengine\debug\uimanager.obj
d:\cs529\engine\engine\myengine\myengine\debug\body.obj
d:\cs529\engine\engine\myengine\myengine\debug\camera.obj
d:\cs529\engine\engine\myengine\myengine\debug\chaos.obj
d:\cs529\engine\engine\myengine\myengine\debug\collisionmanager.obj
d:\cs529\engine\engine\myengine\myengine\debug\collisionmessage.obj
d:\cs529\engine\engine\myengine\myengine\debug\component.obj
d:\cs529\engine\engine\myengine\myengine\debug\controller.obj
d:\cs529\engine\engine\myengine\myengine\debug\effect.obj
d:\cs529\engine\engine\myengine\myengine\debug\enhancement.obj
d:\cs529\engine\engine\myengine\myengine\debug\frc.obj
d:\cs529\engine\engine\myengine\myengine\debug\gameobject.obj
d:\cs529\engine\engine\myengine\myengine\debug\gameobjectfactory.obj
d:\cs529\engine\engine\myengine\myengine\debug\math2d.obj
d:\cs529\engine\engine\myengine\myengine\debug\matrix2d.obj
d:\cs529\engine\engine\myengine\myengine\debug\vector2d.obj
d:\cs529\engine\engine\myengine\debug\myengine.ilk
d:\cs529\engine\engine\myengine\debug\myengine.exe
d:\cs529\engine\engine\myengine\debug\myengine.pdb
d:\cs529\engine\engine\myengine\myengine\debug\myengine.tlog\cl.command.1.tlog
d:\cs529\engine\engine\myengine\myengine\debug\myengine.tlog\cl.read.1.tlog
d:\cs529\engine\engine\myengine\myengine\debug\myengine.tlog\cl.write.1.tlog
d:\cs529\engine\engine\myengine\myengine\debug\myengine.tlog\link.command.1.tlog
d:\cs529\engine\engine\myengine\myengine\debug\myengine.tlog\link.read.1.tlog
d:\cs529\engine\engine\myengine\myengine\debug\myengine.tlog\link.write.1.tlog
